2013-01-28 18:05:16,524 INFO: hcfsite startup [in /Users/yifanwu/Dropbox/Dev/HCF/hcefapp/app/__init__.py:40]
2013-01-28 18:05:18,220 INFO: hcfsite startup [in /Users/yifanwu/Dropbox/Dev/HCF/hcefapp/app/__init__.py:40]
2013-01-28 18:09:07,323 INFO: hcfsite startup [in /Users/yifanwu/Dropbox/Dev/HCF/hcefapp/app/__init__.py:40]
2013-01-28 18:09:08,173 INFO: hcfsite startup [in /Users/yifanwu/Dropbox/Dev/HCF/hcefapp/app/__init__.py:40]
2013-01-28 18:10:52,408 INFO: hcfsite startup [in /Users/yifanwu/Dropbox/Dev/HCF/hcefapp/app/__init__.py:40]
2013-01-28 18:11:18,262 INFO: hcfsite startup [in /Users/yifanwu/Dropbox/Dev/HCF/hcefapp/app/__init__.py:40]
2013-01-28 18:11:27,089 INFO: hcfsite startup [in /Users/yifanwu/Dropbox/Dev/HCF/hcefapp/app/__init__.py:40]
2013-01-28 18:11:54,558 INFO: hcfsite startup [in /Users/yifanwu/Dropbox/Dev/HCF/hcefapp/app/__init__.py:40]
2013-01-28 18:12:36,031 INFO: hcfsite startup [in /Users/yifanwu/Dropbox/Dev/HCF/hcefapp/app/__init__.py:40]
2013-01-28 18:18:10,569 INFO: hcfsite startup [in /Users/yifanwu/Dropbox/Dev/HCF/hcefapp/app/__init__.py:40]
2013-01-28 18:18:17,816 INFO: hcfsite startup [in /Users/yifanwu/Dropbox/Dev/HCF/hcefapp/app/__init__.py:40]
2013-01-28 18:18:18,404 INFO: hcfsite startup [in /Users/yifanwu/Dropbox/Dev/HCF/hcefapp/app/__init__.py:40]
2013-01-28 18:20:08,229 INFO: hcfsite startup [in /Users/yifanwu/Dropbox/Dev/HCF/hcefapp/app/__init__.py:40]
2013-01-28 18:33:06,335 INFO: hcfsite startup [in /Users/yifanwu/Dropbox/Dev/HCF/hcefapp/app/__init__.py:40]
2013-01-28 18:33:07,124 INFO: hcfsite startup [in /Users/yifanwu/Dropbox/Dev/HCF/hcefapp/app/__init__.py:40]
2013-01-28 18:34:22,663 INFO: hcfsite startup [in /Users/yifanwu/Dropbox/Dev/HCF/hcefapp/app/__init__.py:40]
2013-01-28 18:34:56,856 INFO: hcfsite startup [in /Users/yifanwu/Dropbox/Dev/HCF/hcefapp/app/__init__.py:40]
2013-01-28 18:36:04,414 INFO: hcfsite startup [in /Users/yifanwu/Dropbox/Dev/HCF/hcefapp/app/__init__.py:40]
2013-01-28 18:38:37,079 INFO: hcfsite startup [in /Users/yifanwu/Dropbox/Dev/HCF/hcefapp/app/__init__.py:40]
2013-01-28 18:38:40,241 INFO: hcfsite startup [in /Users/yifanwu/Dropbox/Dev/HCF/hcefapp/app/__init__.py:40]
2013-01-28 18:47:01,436 INFO: hcfsite startup [in /Users/yifanwu/Dropbox/Dev/HCF/hcefapp/app/__init__.py:40]
2013-01-28 18:47:02,134 INFO: hcfsite startup [in /Users/yifanwu/Dropbox/Dev/HCF/hcefapp/app/__init__.py:40]
2013-01-28 18:50:02,873 INFO: hcfsite startup [in /Users/yifanwu/Dropbox/Dev/HCF/hcefapp/app/__init__.py:40]
2013-01-28 18:55:12,115 INFO: hcfsite startup [in /Users/yifanwu/Dropbox/Dev/HCF/hcefapp/app/__init__.py:40]
2013-01-28 19:01:33,197 INFO: hcfsite startup [in /Users/yifanwu/Dropbox/Dev/HCF/hcefapp/app/__init__.py:40]
2013-01-28 19:20:07,413 INFO: hcfsite startup [in /Users/yifanwu/Dropbox/Dev/HCF/hcefapp/app/__init__.py:40]
2013-01-28 19:20:43,541 INFO: hcfsite startup [in /Users/yifanwu/Dropbox/Dev/HCF/hcefapp/app/__init__.py:40]
2013-01-28 19:24:33,051 INFO: hcfsite startup [in /Users/yifanwu/Dropbox/Dev/HCF/hcefapp/app/__init__.py:40]
2013-01-28 20:18:12,386 INFO: hcfsite startup [in /Users/yifanwu/Dropbox/Dev/HCF/hcefapp/app/__init__.py:40]
2013-01-28 20:18:13,177 INFO: hcfsite startup [in /Users/yifanwu/Dropbox/Dev/HCF/hcefapp/app/__init__.py:40]
2013-01-28 20:18:34,704 INFO: hcfsite startup [in /Users/yifanwu/Dropbox/Dev/HCF/hcefapp/app/__init__.py:40]
2013-01-28 20:22:26,668 INFO: hcfsite startup [in /Users/yifanwu/Dropbox/Dev/HCF/hcefapp/app/__init__.py:40]
2013-01-28 20:24:16,966 INFO: hcfsite startup [in /Users/yifanwu/Dropbox/Dev/HCF/hcefapp/app/__init__.py:40]
2013-01-28 20:24:39,360 INFO: hcfsite startup [in /Users/yifanwu/Dropbox/Dev/HCF/hcefapp/app/__init__.py:40]
2013-01-28 20:25:43,888 INFO: hcfsite startup [in /Users/yifanwu/Dropbox/Dev/HCF/hcefapp/app/__init__.py:40]
2013-01-28 20:26:00,871 INFO: hcfsite startup [in /Users/yifanwu/Dropbox/Dev/HCF/hcefapp/app/__init__.py:40]
2013-01-28 20:29:33,990 INFO: hcfsite startup [in /Users/yifanwu/Dropbox/Dev/HCF/hcefapp/app/__init__.py:40]
2013-01-28 20:29:35,090 INFO: hcfsite startup [in /Users/yifanwu/Dropbox/Dev/HCF/hcefapp/app/__init__.py:40]
2013-01-28 20:43:36,304 INFO: hcfsite startup [in /Users/yifanwu/Dropbox/Dev/HCF/hcefapp/app/__init__.py:40]
2013-01-28 20:43:37,232 INFO: hcfsite startup [in /Users/yifanwu/Dropbox/Dev/HCF/hcefapp/app/__init__.py:40]
2013-01-28 20:44:45,129 INFO: hcfsite startup [in /Users/yifanwu/Dropbox/Dev/HCF/hcefapp/app/__init__.py:40]
2013-01-28 20:44:48,083 INFO: hcfsite startup [in /Users/yifanwu/Dropbox/Dev/HCF/hcefapp/app/__init__.py:40]
2013-01-28 20:45:15,140 INFO: hcfsite startup [in /Users/yifanwu/Dropbox/Dev/HCF/hcefapp/app/__init__.py:40]
2013-01-28 20:45:53,990 INFO: hcfsite startup [in /Users/yifanwu/Dropbox/Dev/HCF/hcefapp/app/__init__.py:40]
2013-01-28 20:47:33,226 INFO: hcfsite startup [in /Users/yifanwu/Dropbox/Dev/HCF/hcefapp/app/__init__.py:40]
2013-01-28 20:47:35,408 INFO: hcfsite startup [in /Users/yifanwu/Dropbox/Dev/HCF/hcefapp/app/__init__.py:40]
2013-01-28 20:47:38,287 INFO: hcfsite startup [in /Users/yifanwu/Dropbox/Dev/HCF/hcefapp/app/__init__.py:40]
2013-01-28 21:29:14,733 INFO: hcfsite startup [in /Users/yifanwu/Dropbox/Dev/HCF/hcefapp/app/__init__.py:39]
2013-01-28 21:31:00,055 INFO: hcfsite startup [in /Users/yifanwu/Dropbox/Dev/HCF/hcefapp/app/__init__.py:40]
2013-01-28 21:31:12,789 INFO: hcfsite startup [in /Users/yifanwu/Dropbox/Dev/HCF/hcefapp/app/__init__.py:40]
2013-01-28 21:31:13,356 INFO: hcfsite startup [in /Users/yifanwu/Dropbox/Dev/HCF/hcefapp/app/__init__.py:40]
2013-01-28 21:32:17,305 INFO: hcfsite startup [in /Users/yifanwu/Dropbox/Dev/HCF/hcefapp/app/__init__.py:40]
2013-01-28 23:13:42,314 INFO: hcfsite startup [in /Users/yifanwu/Dropbox/Dev/HCF/hcefapp/app/__init__.py:40]
2013-01-28 23:14:01,613 INFO: hcfsite startup [in /Users/yifanwu/Dropbox/Dev/HCF/hcefapp/app/__init__.py:40]
2013-01-28 23:14:12,744 INFO: hcfsite startup [in /Users/yifanwu/Dropbox/Dev/HCF/hcefapp/app/__init__.py:40]
2013-01-28 23:14:30,450 INFO: hcfsite startup [in /Users/yifanwu/Dropbox/Dev/HCF/hcefapp/app/__init__.py:40]
2013-01-28 23:14:31,537 INFO: hcfsite startup [in /Users/yifanwu/Dropbox/Dev/HCF/hcefapp/app/__init__.py:40]
2013-01-28 23:17:41,376 INFO: hcfsite startup [in /Users/yifanwu/Dropbox/Dev/HCF/hcefapp/app/__init__.py:40]
2013-01-28 23:28:46,794 INFO: hcfsite startup [in /Users/yifanwu/Dropbox/Dev/HCF/hcefapp/app/__init__.py:40]
2013-01-28 23:28:47,501 INFO: hcfsite startup [in /Users/yifanwu/Dropbox/Dev/HCF/hcefapp/app/__init__.py:40]
2013-01-28 23:28:47,875 INFO: hcfsite startup [in /Users/yifanwu/Dropbox/Dev/HCF/hcefapp/app/__init__.py:40]
2013-01-28 23:28:48,416 INFO: hcfsite startup [in /Users/yifanwu/Dropbox/Dev/HCF/hcefapp/app/__init__.py:40]
2013-01-28 23:29:04,239 INFO: hcfsite startup [in /Users/yifanwu/Dropbox/Dev/HCF/hcefapp/app/__init__.py:40]
2013-01-28 23:29:04,828 INFO: hcfsite startup [in /Users/yifanwu/Dropbox/Dev/HCF/hcefapp/app/__init__.py:40]
2013-01-28 23:32:48,990 INFO: hcfsite startup [in /Users/yifanwu/Dropbox/Dev/HCF/hcefapp/app/__init__.py:40]
2013-01-28 23:33:59,661 INFO: hcfsite startup [in /Users/yifanwu/Dropbox/Dev/HCF/hcefapp/app/__init__.py:40]
2013-01-28 23:34:38,912 INFO: hcfsite startup [in /Users/yifanwu/Dropbox/Dev/HCF/hcefapp/app/__init__.py:40]
2013-01-28 23:34:51,750 INFO: hcfsite startup [in /Users/yifanwu/Dropbox/Dev/HCF/hcefapp/app/__init__.py:40]
2013-01-28 23:35:52,182 INFO: hcfsite startup [in /Users/yifanwu/Dropbox/Dev/HCF/hcefapp/app/__init__.py:40]
2013-01-28 23:38:33,729 INFO: hcfsite startup [in /Users/yifanwu/Dropbox/Dev/HCF/hcefapp/app/__init__.py:40]
2013-01-28 23:39:02,901 INFO: hcfsite startup [in /Users/yifanwu/Dropbox/Dev/HCF/hcefapp/app/__init__.py:40]
2013-01-28 23:45:49,304 INFO: hcfsite startup [in /Users/yifanwu/Dropbox/Dev/HCF/hcefapp/app/__init__.py:40]
2013-01-28 23:48:41,069 INFO: hcfsite startup [in /Users/yifanwu/Dropbox/Dev/HCF/hcefapp/app/__init__.py:40]
2013-01-28 23:49:01,019 INFO: hcfsite startup [in /Users/yifanwu/Dropbox/Dev/HCF/hcefapp/app/__init__.py:40]
2013-01-29 10:12:22,131 INFO: hcfsite startup [in /Users/yifanwu/Dropbox/Dev/HCF/hcefapp/app/__init__.py:40]
2013-01-29 10:16:17,217 INFO: hcfsite startup [in /Users/yifanwu/Dropbox/Dev/HCF/hcefapp/app/__init__.py:40]
2013-01-29 10:16:56,854 INFO: hcfsite startup [in /Users/yifanwu/Dropbox/Dev/HCF/hcefapp/app/__init__.py:40]
2013-01-29 10:18:26,050 INFO: hcfsite startup [in /Users/yifanwu/Dropbox/Dev/HCF/hcefapp/app/__init__.py:40]
2013-01-29 10:18:50,313 INFO: hcfsite startup [in /Users/yifanwu/Dropbox/Dev/HCF/hcefapp/app/__init__.py:40]
2013-01-29 10:19:21,977 INFO: hcfsite startup [in /Users/yifanwu/Dropbox/Dev/HCF/hcefapp/app/__init__.py:40]
2013-01-29 10:19:33,375 INFO: hcfsite startup [in /Users/yifanwu/Dropbox/Dev/HCF/hcefapp/app/__init__.py:40]
2013-01-29 10:48:30,796 INFO: hcfsite startup [in /Users/yifanwu/Dropbox/Dev/HCF/hcefapp/app/__init__.py:40]
2013-01-29 11:04:36,172 INFO: hcfsite startup [in /Users/yifanwu/Dropbox/Dev/HCF/hcefapp/app/__init__.py:40]
2013-01-29 16:10:07,394 INFO: hcfsite startup [in /Users/yifanwu/Dropbox/Dev/HCF/hcefapp/app/__init__.py:40]
2013-01-29 16:10:08,749 INFO: hcfsite startup [in /Users/yifanwu/Dropbox/Dev/HCF/hcefapp/app/__init__.py:40]
2013-01-29 16:11:09,231 INFO: hcfsite startup [in /Users/yifanwu/Dropbox/Dev/HCF/hcefapp/app/__init__.py:40]
2013-01-29 16:12:22,153 INFO: hcfsite startup [in /Users/yifanwu/Dropbox/Dev/HCF/hcefapp/app/__init__.py:40]
2013-01-29 16:12:31,007 INFO: hcfsite startup [in /Users/yifanwu/Dropbox/Dev/HCF/hcefapp/app/__init__.py:40]
2013-01-29 16:12:51,048 INFO: hcfsite startup [in /Users/yifanwu/Dropbox/Dev/HCF/hcefapp/app/__init__.py:40]
2013-01-29 16:13:48,683 INFO: hcfsite startup [in /Users/yifanwu/Dropbox/Dev/HCF/hcefapp/app/__init__.py:40]
2013-01-29 16:15:33,947 INFO: hcfsite startup [in /Users/yifanwu/Dropbox/Dev/HCF/hcefapp/app/__init__.py:40]
2013-01-29 16:15:45,786 INFO: hcfsite startup [in /Users/yifanwu/Dropbox/Dev/HCF/hcefapp/app/__init__.py:40]
2013-01-29 16:16:26,056 INFO: hcfsite startup [in /Users/yifanwu/Dropbox/Dev/HCF/hcefapp/app/__init__.py:40]
2013-01-29 16:22:29,356 INFO: hcfsite startup [in /Users/yifanwu/Dropbox/Dev/HCF/hcefapp/app/__init__.py:40]
2013-01-29 16:29:42,776 INFO: hcfsite startup [in /Users/yifanwu/Dropbox/Dev/HCF/hcefapp/app/__init__.py:40]
2013-01-29 16:34:03,398 INFO: hcfsite startup [in /Users/yifanwu/Dropbox/Dev/HCF/hcefapp/app/__init__.py:40]
2013-01-29 16:34:29,887 INFO: hcfsite startup [in /Users/yifanwu/Dropbox/Dev/HCF/hcefapp/app/__init__.py:40]
2013-01-29 16:35:19,365 INFO: hcfsite startup [in /Users/yifanwu/Dropbox/Dev/HCF/hcefapp/app/__init__.py:40]
2013-01-29 16:35:35,391 INFO: hcfsite startup [in /Users/yifanwu/Dropbox/Dev/HCF/hcefapp/app/__init__.py:40]
2013-01-29 16:38:35,648 INFO: hcfsite startup [in /Users/yifanwu/Dropbox/Dev/HCF/hcefapp/app/__init__.py:40]
2013-01-29 16:38:59,126 INFO: hcfsite startup [in /Users/yifanwu/Dropbox/Dev/HCF/hcefapp/app/__init__.py:40]
2013-01-29 16:50:01,724 INFO: hcfsite startup [in /Users/yifanwu/Dropbox/Dev/HCF/hcefapp/app/__init__.py:40]
2013-01-29 16:57:45,055 INFO: hcfsite startup [in /Users/yifanwu/Dropbox/Dev/HCF/hcefapp/app/__init__.py:40]
2013-01-29 16:59:00,214 INFO: hcfsite startup [in /Users/yifanwu/Dropbox/Dev/HCF/hcefapp/app/__init__.py:40]
2013-01-29 16:59:35,467 INFO: hcfsite startup [in /Users/yifanwu/Dropbox/Dev/HCF/hcefapp/app/__init__.py:40]
2013-01-29 17:01:11,760 INFO: hcfsite startup [in /Users/yifanwu/Dropbox/Dev/HCF/hcefapp/app/__init__.py:40]
2013-01-29 17:01:40,543 INFO: hcfsite startup [in /Users/yifanwu/Dropbox/Dev/HCF/hcefapp/app/__init__.py:40]
2013-01-29 19:05:27,086 INFO: hcfsite startup [in /Users/yifanwu/Dropbox/Dev/HCF/hcefapp/app/__init__.py:40]
2013-01-29 19:09:52,094 INFO: hcfsite startup [in /Users/yifanwu/Dropbox/Dev/HCF/hcefapp/app/__init__.py:40]
2013-01-29 19:16:45,311 INFO: hcfsite startup [in /Users/yifanwu/Dropbox/Dev/HCF/hcefapp/app/__init__.py:40]
2013-01-29 19:30:20,961 INFO: hcfsite startup [in /Users/yifanwu/Dropbox/Dev/HCF/hcefapp/app/__init__.py:40]
2013-01-29 19:30:51,300 INFO: hcfsite startup [in /Users/yifanwu/Dropbox/Dev/HCF/hcefapp/app/__init__.py:40]
2013-01-29 19:30:51,887 INFO: hcfsite startup [in /Users/yifanwu/Dropbox/Dev/HCF/hcefapp/app/__init__.py:40]
2013-01-29 19:34:22,269 INFO: hcfsite startup [in /Users/yifanwu/Dropbox/Dev/HCF/hcefapp/app/__init__.py:40]
2013-01-29 19:42:49,147 INFO: hcfsite startup [in /Users/yifanwu/Dropbox/Dev/HCF/hcefapp/app/__init__.py:40]
2013-01-29 19:43:09,411 INFO: hcfsite startup [in /Users/yifanwu/Dropbox/Dev/HCF/hcefapp/app/__init__.py:40]
2013-01-29 19:43:10,310 INFO: hcfsite startup [in /Users/yifanwu/Dropbox/Dev/HCF/hcefapp/app/__init__.py:40]
2013-01-29 19:55:47,966 INFO: hcfsite startup [in app/__init__.py:40]
2013-01-29 19:58:07,089 INFO: hcfsite startup [in /Users/yifanwu/Dropbox/Dev/HCF/hcefapp/app/__init__.py:40]
2013-01-29 20:00:39,296 INFO: hcfsite startup [in /Users/yifanwu/Dropbox/Dev/HCF/hcefapp/app/__init__.py:40]
2013-01-29 20:00:39,946 INFO: hcfsite startup [in /Users/yifanwu/Dropbox/Dev/HCF/hcefapp/app/__init__.py:40]
2013-01-29 20:10:09,571 INFO: hcfsite startup [in /Users/yifanwu/Dropbox/Dev/HCF/hcefapp/app/__init__.py:40]
2013-01-29 20:11:22,001 INFO: hcfsite startup [in /Users/yifanwu/Dropbox/Dev/HCF/hcefapp/app/__init__.py:40]
2013-01-29 20:11:38,932 INFO: hcfsite startup [in /Users/yifanwu/Dropbox/Dev/HCF/hcefapp/app/__init__.py:40]
2013-01-29 20:12:10,636 INFO: hcfsite startup [in /Users/yifanwu/Dropbox/Dev/HCF/hcefapp/app/__init__.py:40]
2013-01-29 20:12:18,343 INFO: hcfsite startup [in /Users/yifanwu/Dropbox/Dev/HCF/hcefapp/app/__init__.py:40]
2013-01-29 20:12:18,960 INFO: hcfsite startup [in /Users/yifanwu/Dropbox/Dev/HCF/hcefapp/app/__init__.py:40]
2013-01-29 20:12:55,027 INFO: hcfsite startup [in /Users/yifanwu/Dropbox/Dev/HCF/hcefapp/app/__init__.py:40]
2013-01-29 20:29:23,202 INFO: hcfsite startup [in /Users/yifanwu/Dropbox/Dev/HCF/hcefapp/app/__init__.py:40]
2013-01-29 20:29:24,067 INFO: hcfsite startup [in /Users/yifanwu/Dropbox/Dev/HCF/hcefapp/app/__init__.py:40]
2013-01-29 20:42:14,545 INFO: hcfsite startup [in app/__init__.py:40]
2013-01-29 20:47:06,719 INFO: hcfsite startup [in /Users/yifanwu/Dropbox/Dev/HCF/hcefapp/app/__init__.py:40]
2013-01-29 20:50:45,498 INFO: hcfsite startup [in /Users/yifanwu/Dropbox/Dev/HCF/hcefapp/app/__init__.py:40]
2013-01-29 21:21:00,736 INFO: hcfsite startup [in /Users/yifanwu/Dropbox/Dev/HCF/hcefapp/app/__init__.py:40]
2013-01-29 21:21:01,527 INFO: hcfsite startup [in /Users/yifanwu/Dropbox/Dev/HCF/hcefapp/app/__init__.py:40]
2013-01-29 21:41:27,538 INFO: hcfsite startup [in /Users/yifanwu/Dropbox/Dev/HCF/hcefapp/app/__init__.py:40]
2013-01-29 21:42:59,399 INFO: hcfsite startup [in /Users/yifanwu/Dropbox/Dev/HCF/hcefapp/app/__init__.py:40]
2013-01-29 21:44:09,689 INFO: hcfsite startup [in /Users/yifanwu/Dropbox/Dev/HCF/hcefapp/app/__init__.py:40]
2013-01-29 21:44:23,527 INFO: hcfsite startup [in /Users/yifanwu/Dropbox/Dev/HCF/hcefapp/app/__init__.py:40]
2013-01-29 21:44:24,427 INFO: hcfsite startup [in /Users/yifanwu/Dropbox/Dev/HCF/hcefapp/app/__init__.py:40]
2013-01-30 05:21:54,011 INFO: hcfsite startup [in /Users/yifanwu/Dropbox/Dev/HCF/hcefapp/app/__init__.py:40]
2013-01-30 05:22:03,526 INFO: hcfsite startup [in /Users/yifanwu/Dropbox/Dev/HCF/hcefapp/app/__init__.py:40]
2013-01-30 05:22:04,189 INFO: hcfsite startup [in /Users/yifanwu/Dropbox/Dev/HCF/hcefapp/app/__init__.py:40]
2013-01-30 05:33:27,756 INFO: hcfsite startup [in /Users/yifanwu/Dropbox/Dev/HCF/hcefapp/app/__init__.py:40]
2013-01-30 05:34:04,597 INFO: hcfsite startup [in /Users/yifanwu/Dropbox/Dev/HCF/hcefapp/app/__init__.py:40]
2013-01-30 05:34:20,628 INFO: hcfsite startup [in /Users/yifanwu/Dropbox/Dev/HCF/hcefapp/app/__init__.py:40]
2013-01-30 05:34:50,617 INFO: hcfsite startup [in /Users/yifanwu/Dropbox/Dev/HCF/hcefapp/app/__init__.py:40]
2013-01-30 05:35:59,452 INFO: hcfsite startup [in /Users/yifanwu/Dropbox/Dev/HCF/hcefapp/app/__init__.py:40]
2013-01-30 05:36:08,148 INFO: hcfsite startup [in /Users/yifanwu/Dropbox/Dev/HCF/hcefapp/app/__init__.py:40]
2013-01-30 05:36:14,345 INFO: hcfsite startup [in /Users/yifanwu/Dropbox/Dev/HCF/hcefapp/app/__init__.py:40]
2013-01-30 05:36:14,912 INFO: hcfsite startup [in /Users/yifanwu/Dropbox/Dev/HCF/hcefapp/app/__init__.py:40]
2013-01-30 05:38:01,821 INFO: hcfsite startup [in /Users/yifanwu/Dropbox/Dev/HCF/hcefapp/app/__init__.py:40]
2013-01-30 05:38:13,589 INFO: hcfsite startup [in /Users/yifanwu/Dropbox/Dev/HCF/hcefapp/app/__init__.py:40]
2013-01-30 05:38:35,860 INFO: hcfsite startup [in /Users/yifanwu/Dropbox/Dev/HCF/hcefapp/app/__init__.py:40]
2013-01-30 05:44:43,766 INFO: hcfsite startup [in /Users/yifanwu/Dropbox/Dev/HCF/hcefapp/app/__init__.py:40]
2013-01-30 05:45:14,945 INFO: hcfsite startup [in /Users/yifanwu/Dropbox/Dev/HCF/hcefapp/app/__init__.py:40]
2013-01-30 05:45:24,986 INFO: hcfsite startup [in /Users/yifanwu/Dropbox/Dev/HCF/hcefapp/app/__init__.py:40]
2013-01-30 05:45:26,861 INFO: hcfsite startup [in /Users/yifanwu/Dropbox/Dev/HCF/hcefapp/app/__init__.py:40]
2013-01-30 05:45:53,039 INFO: hcfsite startup [in /Users/yifanwu/Dropbox/Dev/HCF/hcefapp/app/__init__.py:40]
2013-01-30 05:49:42,464 INFO: hcfsite startup [in /Users/yifanwu/Dropbox/Dev/HCF/hcefapp/app/__init__.py:40]
2013-01-30 06:04:32,557 INFO: hcfsite startup [in /Users/yifanwu/Dropbox/Dev/HCF/hcefapp/app/__init__.py:40]
2013-01-30 06:04:34,303 INFO: hcfsite startup [in /Users/yifanwu/Dropbox/Dev/HCF/hcefapp/app/__init__.py:40]
2013-01-30 06:10:29,734 INFO: hcfsite startup [in /Users/yifanwu/Dropbox/Dev/HCF/hcefapp/app/__init__.py:40]
2013-01-30 06:18:21,993 INFO: hcfsite startup [in /Users/yifanwu/Dropbox/Dev/HCF/hcefapp/app/__init__.py:40]
2013-01-30 06:18:22,731 INFO: hcfsite startup [in /Users/yifanwu/Dropbox/Dev/HCF/hcefapp/app/__init__.py:40]
2013-01-30 06:19:38,365 INFO: hcfsite startup [in /Users/yifanwu/Dropbox/Dev/HCF/hcefapp/app/__init__.py:40]
2013-01-30 06:19:40,674 INFO: hcfsite startup [in /Users/yifanwu/Dropbox/Dev/HCF/hcefapp/app/__init__.py:40]
2013-01-30 06:21:35,922 INFO: hcfsite startup [in /Users/yifanwu/Dropbox/Dev/HCF/hcefapp/app/__init__.py:40]
2013-01-30 06:21:38,451 INFO: hcfsite startup [in /Users/yifanwu/Dropbox/Dev/HCF/hcefapp/app/__init__.py:40]
2013-01-30 06:33:56,334 INFO: hcfsite startup [in /Users/yifanwu/Dropbox/Dev/HCF/hcefapp/app/__init__.py:40]
2013-01-30 06:33:58,496 INFO: hcfsite startup [in /Users/yifanwu/Dropbox/Dev/HCF/hcefapp/app/__init__.py:40]
2013-01-30 06:36:35,376 INFO: hcfsite startup [in /Users/yifanwu/Dropbox/Dev/HCF/hcefapp/app/__init__.py:40]
2013-01-30 06:36:37,737 INFO: hcfsite startup [in /Users/yifanwu/Dropbox/Dev/HCF/hcefapp/app/__init__.py:40]
2013-01-30 06:41:42,146 INFO: hcfsite startup [in /Users/yifanwu/Dropbox/Dev/HCF/hcefapp/app/__init__.py:40]
2013-01-30 06:44:19,019 INFO: hcfsite startup [in /Users/yifanwu/Dropbox/Dev/HCF/hcefapp/app/__init__.py:40]
2013-01-30 06:44:22,235 INFO: hcfsite startup [in /Users/yifanwu/Dropbox/Dev/HCF/hcefapp/app/__init__.py:40]
2013-01-30 06:44:24,968 INFO: hcfsite startup [in /Users/yifanwu/Dropbox/Dev/HCF/hcefapp/app/__init__.py:40]
2013-01-30 06:52:46,867 INFO: hcfsite startup [in /Users/yifanwu/Dropbox/Dev/HCF/hcefapp/app/__init__.py:40]
2013-01-30 06:52:49,446 INFO: hcfsite startup [in /Users/yifanwu/Dropbox/Dev/HCF/hcefapp/app/__init__.py:40]
2013-01-30 06:58:53,808 INFO: hcfsite startup [in /Users/yifanwu/Dropbox/Dev/HCF/hcefapp/app/__init__.py:40]
2013-01-30 07:08:54,632 INFO: hcfsite startup [in /Users/yifanwu/Dropbox/Dev/HCF/hcefapp/app/__init__.py:40]
2013-01-30 07:11:14,901 INFO: hcfsite startup [in /Users/yifanwu/Dropbox/Dev/HCF/hcefapp/app/__init__.py:40]
2013-01-30 07:11:15,598 INFO: hcfsite startup [in /Users/yifanwu/Dropbox/Dev/HCF/hcefapp/app/__init__.py:40]
2013-01-30 07:12:41,301 INFO: hcfsite startup [in /Users/yifanwu/Dropbox/Dev/HCF/hcefapp/app/__init__.py:40]
2013-01-30 09:03:36,843 INFO: hcfsite startup [in /Users/yifanwu/Dropbox/Dev/HCF/hcefapp/app/__init__.py:40]
2013-01-30 09:54:40,869 INFO: hcfsite startup [in /Users/yifanwu/Dropbox/Dev/HCF/hcefapp/app/__init__.py:40]
2013-01-30 09:54:40,885 INFO: hcfsite startup [in /Users/yifanwu/Dropbox/Dev/HCF/hcefapp/app/__init__.py:40]
2013-01-30 09:55:17,233 INFO: hcfsite startup [in /Users/yifanwu/Dropbox/Dev/HCF/hcefapp/app/__init__.py:40]
2013-01-30 09:55:28,058 INFO: hcfsite startup [in /Users/yifanwu/Dropbox/Dev/HCF/hcefapp/app/__init__.py:40]
2013-01-30 09:55:28,795 INFO: hcfsite startup [in /Users/yifanwu/Dropbox/Dev/HCF/hcefapp/app/__init__.py:40]
2013-01-30 10:13:49,442 INFO: hcfsite startup [in /Users/yifanwu/Dropbox/Dev/HCF/hcefapp/app/__init__.py:40]
2013-01-30 12:32:08,981 INFO: hcfsite startup [in /Users/yifanwu/Dropbox/Dev/HCF/hcefapp/app/__init__.py:40]
2013-01-30 12:32:09,774 INFO: hcfsite startup [in /Users/yifanwu/Dropbox/Dev/HCF/hcefapp/app/__init__.py:40]
2013-01-30 12:55:00,644 INFO: hcfsite startup [in /Users/yifanwu/Dropbox/Dev/HCF/hcefapp/app/__init__.py:40]
2013-01-30 12:55:24,702 INFO: hcfsite startup [in /Users/yifanwu/Dropbox/Dev/HCF/hcefapp/app/__init__.py:40]
2013-01-30 12:55:43,693 INFO: hcfsite startup [in /Users/yifanwu/Dropbox/Dev/HCF/hcefapp/app/__init__.py:40]
2013-01-30 12:58:47,572 INFO: hcfsite startup [in /Users/yifanwu/Dropbox/Dev/HCF/hcefapp/app/__init__.py:40]
2013-01-30 16:05:35,288 INFO: hcfsite startup [in /Users/yifanwu/Dropbox/Dev/HCF/hcefapp/app/__init__.py:40]
2013-01-30 16:05:43,516 INFO: hcfsite startup [in /Users/yifanwu/Dropbox/Dev/HCF/hcefapp/app/__init__.py:40]
2013-01-30 16:06:35,861 INFO: hcfsite startup [in /Users/yifanwu/Dropbox/Dev/HCF/hcefapp/app/__init__.py:40]
2013-01-30 16:08:34,914 INFO: hcfsite startup [in /Users/yifanwu/Dropbox/Dev/HCF/hcefapp/app/__init__.py:40]
2013-01-30 16:16:16,845 INFO: hcfsite startup [in /Users/yifanwu/Dropbox/Dev/HCF/hcefapp/app/__init__.py:40]
2013-01-30 16:19:00,190 INFO: hcfsite startup [in /Users/yifanwu/Dropbox/Dev/HCF/hcefapp/app/__init__.py:40]
2013-01-30 16:20:26,042 INFO: hcfsite startup [in /Users/yifanwu/Dropbox/Dev/HCF/hcefapp/app/__init__.py:40]
2013-01-30 16:24:20,558 INFO: hcfsite startup [in /Users/yifanwu/Dropbox/Dev/HCF/hcefapp/app/__init__.py:40]
2013-01-30 16:24:29,901 INFO: hcfsite startup [in /Users/yifanwu/Dropbox/Dev/HCF/hcefapp/app/__init__.py:40]
2013-01-30 16:24:30,461 INFO: hcfsite startup [in /Users/yifanwu/Dropbox/Dev/HCF/hcefapp/app/__init__.py:40]
2013-01-30 16:26:26,765 INFO: hcfsite startup [in /Users/yifanwu/Dropbox/Dev/HCF/hcefapp/app/__init__.py:40]
2013-01-30 16:28:23,395 INFO: hcfsite startup [in /Users/yifanwu/Dropbox/Dev/HCF/hcefapp/app/__init__.py:40]
2013-01-30 16:39:58,495 INFO: hcfsite startup [in /Users/yifanwu/Dropbox/Dev/HCF/hcefapp/app/__init__.py:40]
2013-02-02 17:56:24,059 INFO: hcfsite startup [in /Users/yifanwu/Dropbox/Dev/HCF/hcefapp/app/__init__.py:40]
2013-02-02 17:56:46,706 INFO: hcfsite startup [in /Users/yifanwu/Dropbox/Dev/HCF/hcefapp/app/__init__.py:40]
2013-02-02 17:56:49,008 INFO: hcfsite startup [in /Users/yifanwu/Dropbox/Dev/HCF/hcefapp/app/__init__.py:40]
2013-02-02 20:44:31,899 INFO: hcfsite startup [in /Users/yifanwu/Dropbox/Dev/HCF/hcefapp/app/__init__.py:40]
2013-02-02 20:47:30,001 INFO: hcfsite startup [in /Users/yifanwu/Dropbox/Dev/HCF/hcefapp/app/__init__.py:40]
2013-02-02 20:47:30,851 INFO: hcfsite startup [in /Users/yifanwu/Dropbox/Dev/HCF/hcefapp/app/__init__.py:40]
2013-02-02 20:48:49,775 INFO: hcfsite startup [in /Users/yifanwu/Dropbox/Dev/HCF/hcefapp/app/__init__.py:40]
2013-02-02 20:52:43,844 INFO: hcfsite startup [in /Users/yifanwu/Dropbox/Dev/HCF/hcefapp/app/__init__.py:40]
2013-02-02 20:52:53,946 INFO: hcfsite startup [in /Users/yifanwu/Dropbox/Dev/HCF/hcefapp/app/__init__.py:40]
2013-02-02 20:54:16,136 INFO: hcfsite startup [in /Users/yifanwu/Dropbox/Dev/HCF/hcefapp/app/__init__.py:40]
2013-02-02 20:54:34,495 INFO: hcfsite startup [in /Users/yifanwu/Dropbox/Dev/HCF/hcefapp/app/__init__.py:40]
2013-02-02 20:55:35,208 INFO: hcfsite startup [in /Users/yifanwu/Dropbox/Dev/HCF/hcefapp/app/__init__.py:40]
2013-02-02 20:57:09,792 INFO: hcfsite startup [in /Users/yifanwu/Dropbox/Dev/HCF/hcefapp/app/__init__.py:40]
2013-02-02 21:05:24,557 INFO: hcfsite startup [in /Users/yifanwu/Dropbox/Dev/HCF/hcefapp/app/__init__.py:40]
2013-02-03 10:17:09,341 INFO: hcfsite startup [in /Users/yifanwu/Dropbox/Dev/HCF/hcefapp/app/__init__.py:40]
2013-02-03 10:17:10,225 INFO: hcfsite startup [in /Users/yifanwu/Dropbox/Dev/HCF/hcefapp/app/__init__.py:40]
2013-02-03 10:28:32,930 INFO: hcfsite startup [in /Users/yifanwu/Dropbox/Dev/HCF/hcefapp/app/__init__.py:40]
2013-02-03 10:32:33,087 INFO: hcfsite startup [in /Users/yifanwu/Dropbox/Dev/HCF/hcefapp/app/__init__.py:40]
2013-02-03 10:32:33,914 INFO: hcfsite startup [in /Users/yifanwu/Dropbox/Dev/HCF/hcefapp/app/__init__.py:40]
2013-02-03 10:34:33,086 INFO: hcfsite startup [in /Users/yifanwu/Dropbox/Dev/HCF/hcefapp/app/__init__.py:40]
2013-02-03 10:34:54,453 INFO: hcfsite startup [in /Users/yifanwu/Dropbox/Dev/HCF/hcefapp/app/__init__.py:40]
2013-02-03 10:35:15,923 INFO: hcfsite startup [in /Users/yifanwu/Dropbox/Dev/HCF/hcefapp/app/__init__.py:40]
2013-02-03 10:37:08,629 INFO: hcfsite startup [in /Users/yifanwu/Dropbox/Dev/HCF/hcefapp/app/__init__.py:40]
2013-02-03 10:37:20,705 INFO: hcfsite startup [in /Users/yifanwu/Dropbox/Dev/HCF/hcefapp/app/__init__.py:40]
2013-02-03 10:37:40,958 INFO: hcfsite startup [in /Users/yifanwu/Dropbox/Dev/HCF/hcefapp/app/__init__.py:40]
2013-02-03 10:41:57,354 INFO: hcfsite startup [in /Users/yifanwu/Dropbox/Dev/HCF/hcefapp/app/__init__.py:40]
2013-02-03 10:42:06,385 INFO: hcfsite startup [in /Users/yifanwu/Dropbox/Dev/HCF/hcefapp/app/__init__.py:40]
2013-02-03 10:42:55,089 INFO: hcfsite startup [in /Users/yifanwu/Dropbox/Dev/HCF/hcefapp/app/__init__.py:40]
2013-02-03 12:23:50,615 INFO: hcfsite startup [in /Users/yifanwu/Dropbox/Dev/HCF/hcefapp/app/__init__.py:40]
2013-02-03 12:23:51,871 INFO: hcfsite startup [in /Users/yifanwu/Dropbox/Dev/HCF/hcefapp/app/__init__.py:40]
2013-02-03 12:23:58,174 INFO: hcfsite startup [in /Users/yifanwu/Dropbox/Dev/HCF/hcefapp/app/__init__.py:40]
2013-02-03 12:24:06,170 INFO: hcfsite startup [in /Users/yifanwu/Dropbox/Dev/HCF/hcefapp/app/__init__.py:40]
2013-02-03 12:24:57,003 INFO: hcfsite startup [in /Users/yifanwu/Dropbox/Dev/HCF/hcefapp/app/__init__.py:40]
2013-02-03 12:25:36,302 INFO: hcfsite startup [in /Users/yifanwu/Dropbox/Dev/HCF/hcefapp/app/__init__.py:40]
2013-02-03 12:25:45,807 INFO: hcfsite startup [in /Users/yifanwu/Dropbox/Dev/HCF/hcefapp/app/__init__.py:40]
2013-02-03 12:25:46,543 INFO: hcfsite startup [in /Users/yifanwu/Dropbox/Dev/HCF/hcefapp/app/__init__.py:40]
2013-02-03 12:26:53,452 INFO: hcfsite startup [in /Users/yifanwu/Dropbox/Dev/HCF/hcefapp/app/__init__.py:40]
2013-02-03 12:26:56,450 INFO: hcfsite startup [in /Users/yifanwu/Dropbox/Dev/HCF/hcefapp/app/__init__.py:40]
2013-02-03 12:26:57,046 INFO: hcfsite startup [in /Users/yifanwu/Dropbox/Dev/HCF/hcefapp/app/__init__.py:40]
2013-02-03 12:27:33,376 INFO: hcfsite startup [in /Users/yifanwu/Dropbox/Dev/HCF/hcefapp/app/__init__.py:40]
2013-02-03 12:28:26,211 INFO: hcfsite startup [in /Users/yifanwu/Dropbox/Dev/HCF/hcefapp/app/__init__.py:40]
2013-02-03 12:28:59,000 INFO: hcfsite startup [in /Users/yifanwu/Dropbox/Dev/HCF/hcefapp/app/__init__.py:40]
2013-02-03 12:29:54,936 INFO: hcfsite startup [in /Users/yifanwu/Dropbox/Dev/HCF/hcefapp/app/__init__.py:40]
2013-02-03 12:33:09,242 INFO: hcfsite startup [in /Users/yifanwu/Dropbox/Dev/HCF/hcefapp/app/__init__.py:40]
2013-02-03 12:35:32,516 INFO: hcfsite startup [in /Users/yifanwu/Dropbox/Dev/HCF/hcefapp/app/__init__.py:40]
2013-02-03 12:35:33,281 INFO: hcfsite startup [in /Users/yifanwu/Dropbox/Dev/HCF/hcefapp/app/__init__.py:40]
2013-02-03 12:38:43,351 INFO: hcfsite startup [in /Users/yifanwu/Dropbox/Dev/HCF/hcefapp/app/__init__.py:40]
2013-02-03 12:38:45,525 INFO: hcfsite startup [in /Users/yifanwu/Dropbox/Dev/HCF/hcefapp/app/__init__.py:40]
2013-02-03 12:40:39,111 INFO: hcfsite startup [in /Users/yifanwu/Dropbox/Dev/HCF/hcefapp/app/__init__.py:40]
2013-02-03 12:40:40,010 INFO: hcfsite startup [in /Users/yifanwu/Dropbox/Dev/HCF/hcefapp/app/__init__.py:40]
2013-02-03 12:46:15,213 INFO: hcfsite startup [in /Users/yifanwu/Dropbox/Dev/HCF/hcefapp/app/__init__.py:40]
2013-02-03 12:47:28,237 INFO: hcfsite startup [in /Users/yifanwu/Dropbox/Dev/HCF/hcefapp/app/__init__.py:40]
2013-02-03 12:47:50,091 INFO: hcfsite startup [in /Users/yifanwu/Dropbox/Dev/HCF/hcefapp/app/__init__.py:40]
2013-02-03 12:47:50,889 INFO: hcfsite startup [in /Users/yifanwu/Dropbox/Dev/HCF/hcefapp/app/__init__.py:40]
2013-02-03 12:54:59,595 INFO: hcfsite startup [in /Users/yifanwu/Dropbox/Dev/HCF/hcefapp/app/__init__.py:40]
2013-02-03 12:55:45,684 INFO: hcfsite startup [in /Users/yifanwu/Dropbox/Dev/HCF/hcefapp/app/__init__.py:40]
2013-02-03 12:56:27,571 INFO: hcfsite startup [in /Users/yifanwu/Dropbox/Dev/HCF/hcefapp/app/__init__.py:40]
2013-02-03 12:57:03,080 INFO: hcfsite startup [in /Users/yifanwu/Dropbox/Dev/HCF/hcefapp/app/__init__.py:40]
2013-02-03 12:57:10,987 INFO: hcfsite startup [in /Users/yifanwu/Dropbox/Dev/HCF/hcefapp/app/__init__.py:40]
2013-02-03 13:01:38,713 INFO: hcfsite startup [in /Users/yifanwu/Dropbox/Dev/HCF/hcefapp/app/__init__.py:40]
2013-02-03 13:02:59,260 INFO: hcfsite startup [in /Users/yifanwu/Dropbox/Dev/HCF/hcefapp/app/__init__.py:40]
2013-02-03 13:03:37,576 INFO: hcfsite startup [in /Users/yifanwu/Dropbox/Dev/HCF/hcefapp/app/__init__.py:40]
<<<<<<< Updated upstream
2013-02-03 13:09:14,962 INFO: hcfsite startup [in /Users/yifanwu/Dropbox/Dev/HCF/hcefapp/app/__init__.py:40]
2013-02-03 13:09:15,969 INFO: hcfsite startup [in /Users/yifanwu/Dropbox/Dev/HCF/hcefapp/app/__init__.py:40]
2013-02-03 13:11:13,510 INFO: hcfsite startup [in /Users/yifanwu/Dropbox/Dev/HCF/hcefapp/app/__init__.py:40]
2013-02-03 13:40:00,936 INFO: hcfsite startup [in /Users/yifanwu/Dropbox/Dev/HCF/hcefapp/app/__init__.py:40]
2013-02-03 13:40:30,495 INFO: hcfsite startup [in /Users/yifanwu/Dropbox/Dev/HCF/hcefapp/app/__init__.py:40]
2013-02-03 13:40:38,819 INFO: hcfsite startup [in /Users/yifanwu/Dropbox/Dev/HCF/hcefapp/app/__init__.py:40]
2013-02-03 13:40:39,521 INFO: hcfsite startup [in /Users/yifanwu/Dropbox/Dev/HCF/hcefapp/app/__init__.py:40]
<<<<<<< HEAD
2013-02-03 14:20:39,262 INFO: hcfsite startup [in /Users/yifanwu/Dropbox/Dev/HCF/hcefapp/app/__init__.py:40]
2013-02-03 14:20:40,078 INFO: hcfsite startup [in /Users/yifanwu/Dropbox/Dev/HCF/hcefapp/app/__init__.py:40]
2013-02-03 14:46:57,313 INFO: hcfsite startup [in /Users/yifanwu/Dropbox/Dev/HCF/hcefapp/app/__init__.py:40]
2013-02-03 14:47:09,640 INFO: hcfsite startup [in /Users/yifanwu/Dropbox/Dev/HCF/hcefapp/app/__init__.py:40]
2013-02-03 15:04:28,779 INFO: hcfsite startup [in /Users/yifanwu/Dropbox/Dev/HCF/hcefapp/app/__init__.py:40]
2013-02-03 15:04:29,386 INFO: hcfsite startup [in /Users/yifanwu/Dropbox/Dev/HCF/hcefapp/app/__init__.py:40]
2013-02-03 15:08:28,346 INFO: hcfsite startup [in /Users/yifanwu/Dropbox/Dev/HCF/hcefapp/app/__init__.py:40]
2013-02-03 15:09:35,006 INFO: hcfsite startup [in /Users/yifanwu/Dropbox/Dev/HCF/hcefapp/app/__init__.py:40]
2013-02-03 15:26:32,762 INFO: hcfsite startup [in /Users/yifanwu/Dropbox/Dev/HCF/hcefapp/app/__init__.py:40]
2013-02-03 15:26:52,795 INFO: hcfsite startup [in /Users/yifanwu/Dropbox/Dev/HCF/hcefapp/app/__init__.py:40]
2013-02-03 15:32:59,954 INFO: hcfsite startup [in /Users/yifanwu/Dropbox/Dev/HCF/hcefapp/app/__init__.py:40]
2013-02-03 15:33:03,065 INFO: hcfsite startup [in /Users/yifanwu/Dropbox/Dev/HCF/hcefapp/app/__init__.py:40]
2013-02-04 14:39:01,535 INFO: hcfsite startup [in /Users/yifanwu/Dropbox/Dev/HCF/hcefapp/app/__init__.py:40]
2013-02-04 14:39:04,144 INFO: hcfsite startup [in /Users/yifanwu/Dropbox/Dev/HCF/hcefapp/app/__init__.py:40]
2013-02-04 14:41:09,997 INFO: hcfsite startup [in /Users/yifanwu/Dropbox/Dev/HCF/hcefapp/app/__init__.py:40]
2013-02-04 14:43:07,843 INFO: hcfsite startup [in /Users/yifanwu/Dropbox/Dev/HCF/hcefapp/app/__init__.py:40]
2013-02-04 14:44:51,148 INFO: hcfsite startup [in /Users/yifanwu/Dropbox/Dev/HCF/hcefapp/app/__init__.py:40]
2013-02-04 14:45:03,457 INFO: hcfsite startup [in /Users/yifanwu/Dropbox/Dev/HCF/hcefapp/app/__init__.py:40]
2013-02-04 14:46:11,774 INFO: hcfsite startup [in /Users/yifanwu/Dropbox/Dev/HCF/hcefapp/app/__init__.py:40]
2013-02-04 14:48:38,920 INFO: hcfsite startup [in /Users/yifanwu/Dropbox/Dev/HCF/hcefapp/app/__init__.py:40]
2013-02-04 15:11:23,244 INFO: hcfsite startup [in /Users/yifanwu/Dropbox/Dev/HCF/hcefapp/app/__init__.py:40]
2013-02-04 15:28:12,595 INFO: hcfsite startup [in /Users/yifanwu/Dropbox/Dev/HCF/hcefapp/app/__init__.py:40]
2013-02-04 15:55:16,255 INFO: hcfsite startup [in /Users/yifanwu/Dropbox/Dev/HCF/hcefapp/app/__init__.py:40]
2013-02-04 16:01:33,429 INFO: hcfsite startup [in /Users/yifanwu/Dropbox/Dev/HCF/hcefapp/app/__init__.py:40]
2013-02-04 16:01:49,657 INFO: hcfsite startup [in /Users/yifanwu/Dropbox/Dev/HCF/hcefapp/app/__init__.py:40]
2013-02-04 16:01:53,729 INFO: hcfsite startup [in /Users/yifanwu/Dropbox/Dev/HCF/hcefapp/app/__init__.py:40]
2013-02-04 16:39:08,491 INFO: hcfsite startup [in /Users/yifanwu/Dropbox/Dev/HCF/hcefapp/app/__init__.py:40]
2013-02-04 17:26:12,653 INFO: hcfsite startup [in /Users/yifanwu/Dropbox/Dev/HCF/hcefapp/app/__init__.py:40]
2013-02-04 17:26:13,533 INFO: hcfsite startup [in /Users/yifanwu/Dropbox/Dev/HCF/hcefapp/app/__init__.py:40]
2013-02-04 17:37:41,776 INFO: hcfsite startup [in /Users/yifanwu/Dropbox/Dev/HCF/hcefapp/app/__init__.py:40]
2013-02-04 17:39:00,549 INFO: hcfsite startup [in /Users/yifanwu/Dropbox/Dev/HCF/hcefapp/app/__init__.py:40]
2013-02-04 17:40:28,376 INFO: hcfsite startup [in /Users/yifanwu/Dropbox/Dev/HCF/hcefapp/app/__init__.py:40]
2013-02-04 17:40:34,500 INFO: hcfsite startup [in /Users/yifanwu/Dropbox/Dev/HCF/hcefapp/app/__init__.py:40]
2013-02-04 17:40:53,513 INFO: hcfsite startup [in /Users/yifanwu/Dropbox/Dev/HCF/hcefapp/app/__init__.py:40]
2013-02-04 17:42:10,370 INFO: hcfsite startup [in /Users/yifanwu/Dropbox/Dev/HCF/hcefapp/app/__init__.py:40]
2013-02-04 17:42:33,490 INFO: hcfsite startup [in /Users/yifanwu/Dropbox/Dev/HCF/hcefapp/app/__init__.py:40]
2013-02-04 17:42:44,545 INFO: hcfsite startup [in /Users/yifanwu/Dropbox/Dev/HCF/hcefapp/app/__init__.py:40]
2013-02-04 17:43:03,456 INFO: hcfsite startup [in /Users/yifanwu/Dropbox/Dev/HCF/hcefapp/app/__init__.py:40]
2013-02-04 17:43:41,991 INFO: hcfsite startup [in /Users/yifanwu/Dropbox/Dev/HCF/hcefapp/app/__init__.py:40]
2013-02-04 17:45:30,005 INFO: hcfsite startup [in /Users/yifanwu/Dropbox/Dev/HCF/hcefapp/app/__init__.py:40]
2013-02-04 17:46:21,318 INFO: hcfsite startup [in /Users/yifanwu/Dropbox/Dev/HCF/hcefapp/app/__init__.py:40]
2013-02-04 17:46:49,908 INFO: hcfsite startup [in /Users/yifanwu/Dropbox/Dev/HCF/hcefapp/app/__init__.py:40]
2013-02-04 17:46:55,022 INFO: hcfsite startup [in /Users/yifanwu/Dropbox/Dev/HCF/hcefapp/app/__init__.py:40]
2013-02-04 17:46:55,899 INFO: hcfsite startup [in /Users/yifanwu/Dropbox/Dev/HCF/hcefapp/app/__init__.py:40]
2013-02-03 13:47:33,495 INFO: hcfsite startup [in /Users/yuechen/Projects/hcfsite/app/__init__.py:40]
2013-02-03 13:47:36,301 INFO: hcfsite startup [in /Users/yuechen/Projects/hcfsite/app/__init__.py:40]
2013-02-03 14:32:57,620 INFO: hcfsite startup [in /Users/yuechen/Projects/hcfsite/app/__init__.py:40]
2013-02-03 14:32:59,124 INFO: hcfsite startup [in /Users/yuechen/Projects/hcfsite/app/__init__.py:40]
2013-02-03 14:33:23,136 INFO: hcfsite startup [in /Users/yuechen/Projects/hcfsite/app/__init__.py:40]
2013-02-03 14:34:13,050 INFO: hcfsite startup [in /Users/yuechen/Projects/hcfsite/app/__init__.py:40]
2013-02-03 14:35:42,077 INFO: hcfsite startup [in /Users/yuechen/Projects/hcfsite/app/__init__.py:40]
2013-02-03 14:35:42,691 INFO: hcfsite startup [in /Users/yuechen/Projects/hcfsite/app/__init__.py:40]
2013-02-03 14:35:54,861 INFO: hcfsite startup [in /Users/yuechen/Projects/hcfsite/app/__init__.py:40]
2013-02-03 14:37:50,589 INFO: hcfsite startup [in /Users/yuechen/Projects/hcfsite/app/__init__.py:40]
2013-02-03 14:37:51,316 INFO: hcfsite startup [in /Users/yuechen/Projects/hcfsite/app/__init__.py:40]
2013-02-03 14:38:39,462 INFO: hcfsite startup [in /Users/yuechen/Projects/hcfsite/app/__init__.py:40]
2013-02-03 14:38:44,451 INFO: hcfsite startup [in /Users/yuechen/Projects/hcfsite/app/__init__.py:40]
2013-02-03 14:38:45,060 INFO: hcfsite startup [in /Users/yuechen/Projects/hcfsite/app/__init__.py:40]
2013-02-03 14:38:57,437 INFO: hcfsite startup [in /Users/yuechen/Projects/hcfsite/app/__init__.py:40]
2013-02-03 14:39:06,941 INFO: hcfsite startup [in /Users/yuechen/Projects/hcfsite/app/__init__.py:40]
2013-02-03 14:39:07,559 INFO: hcfsite startup [in /Users/yuechen/Projects/hcfsite/app/__init__.py:40]
2013-02-03 14:45:19,572 INFO: hcfsite startup [in /Users/yuechen/Projects/hcfsite/app/__init__.py:40]
2013-02-03 14:45:20,190 INFO: hcfsite startup [in /Users/yuechen/Projects/hcfsite/app/__init__.py:40]2013-02-06 09:53:51,530 INFO: hcfsite startup [in /Users/yifanwu/Dropbox/Dev/HCF/hcefapp/app/__init__.py:40]
2013-02-06 09:54:09,063 INFO: hcfsite startup [in /Users/yifanwu/Dropbox/Dev/HCF/hcefapp/app/__init__.py:40]
2013-02-06 09:54:09,606 INFO: hcfsite startup [in /Users/yifanwu/Dropbox/Dev/HCF/hcefapp/app/__init__.py:40]
2013-02-08 11:49:54,188 INFO: hcfsite startup [in /Users/yifanwu/Dropbox/Dev/HCF/hcefapp/app/__init__.py:40]
2013-02-08 11:49:54,860 INFO: hcfsite startup [in /Users/yifanwu/Dropbox/Dev/HCF/hcefapp/app/__init__.py:40]
2013-02-08 11:52:18,888 INFO: hcfsite startup [in /Users/yifanwu/Dropbox/Dev/HCF/hcefapp/app/__init__.py:40]
2013-02-08 11:52:21,739 INFO: hcfsite startup [in /Users/yifanwu/Dropbox/Dev/HCF/hcefapp/app/__init__.py:40]
2013-02-08 11:58:32,362 INFO: hcfsite startup [in /Users/yifanwu/Dropbox/Dev/HCF/hcefapp/app/__init__.py:40]
2013-02-08 11:58:32,516 INFO: hcfsite startup [in /Users/yifanwu/Dropbox/Dev/HCF/hcefapp/app/__init__.py:40]
2013-02-08 11:58:42,785 INFO: hcfsite startup [in /Users/yifanwu/Dropbox/Dev/HCF/hcefapp/app/__init__.py:40]
2013-02-08 11:58:43,260 INFO: hcfsite startup [in /Users/yifanwu/Dropbox/Dev/HCF/hcefapp/app/__init__.py:40]
2013-02-08 11:59:22,965 INFO: hcfsite startup [in /Users/yifanwu/Dropbox/Dev/HCF/hcefapp/app/__init__.py:40]
2013-02-08 11:59:31,892 INFO: hcfsite startup [in /Users/yifanwu/Dropbox/Dev/HCF/hcefapp/app/__init__.py:40]
2013-02-08 12:00:15,201 INFO: hcfsite startup [in /Users/yifanwu/Dropbox/Dev/HCF/hcefapp/app/__init__.py:40]
2013-02-08 12:02:11,728 INFO: hcfsite startup [in /Users/yifanwu/Dropbox/Dev/HCF/hcefapp/app/__init__.py:40]
2013-02-08 12:02:15,858 INFO: hcfsite startup [in /Users/yifanwu/Dropbox/Dev/HCF/hcefapp/app/__init__.py:40]
2013-02-08 12:02:25,099 INFO: hcfsite startup [in /Users/yifanwu/Dropbox/Dev/HCF/hcefapp/app/__init__.py:40]
2013-02-08 12:02:59,668 INFO: hcfsite startup [in /Users/yifanwu/Dropbox/Dev/HCF/hcefapp/app/__init__.py:40]
2013-02-08 12:04:48,313 INFO: hcfsite startup [in /Users/yifanwu/Dropbox/Dev/HCF/hcefapp/app/__init__.py:40]
2013-02-08 12:05:18,515 INFO: hcfsite startup [in /Users/yifanwu/Dropbox/Dev/HCF/hcefapp/app/__init__.py:40]
2013-02-08 12:23:50,292 INFO: hcfsite startup [in /Users/yifanwu/Dropbox/Dev/HCF/hcefapp/app/__init__.py:40]
2013-02-08 12:24:20,659 INFO: hcfsite startup [in /Users/yifanwu/Dropbox/Dev/HCF/hcefapp/app/__init__.py:40]
2013-02-08 12:24:48,060 INFO: hcfsite startup [in /Users/yifanwu/Dropbox/Dev/HCF/hcefapp/app/__init__.py:40]
2013-02-08 12:25:41,971 INFO: hcfsite startup [in /Users/yifanwu/Dropbox/Dev/HCF/hcefapp/app/__init__.py:40]
2013-02-08 12:25:47,306 INFO: hcfsite startup [in /Users/yifanwu/Dropbox/Dev/HCF/hcefapp/app/__init__.py:40]
2013-02-08 12:25:54,448 INFO: hcfsite startup [in /Users/yifanwu/Dropbox/Dev/HCF/hcefapp/app/__init__.py:40]
2013-02-08 12:30:04,852 INFO: hcfsite startup [in /Users/yifanwu/Dropbox/Dev/HCF/hcefapp/app/__init__.py:40]
2013-02-08 12:30:14,904 INFO: hcfsite startup [in /Users/yifanwu/Dropbox/Dev/HCF/hcefapp/app/__init__.py:40]
2013-02-08 12:30:16,581 INFO: hcfsite startup [in /Users/yifanwu/Dropbox/Dev/HCF/hcefapp/app/__init__.py:40]
2013-02-08 12:33:59,487 INFO: hcfsite startup [in /Users/yifanwu/Dropbox/Dev/HCF/hcefapp/app/__init__.py:40]
2013-02-08 12:36:58,006 INFO: hcfsite startup [in /Users/yifanwu/Dropbox/Dev/HCF/hcefapp/app/__init__.py:40]
2013-02-08 12:42:40,184 INFO: hcfsite startup [in /Users/yifanwu/Dropbox/Dev/HCF/hcefapp/app/__init__.py:40]
2013-02-08 12:42:47,264 INFO: hcfsite startup [in /Users/yifanwu/Dropbox/Dev/HCF/hcefapp/app/__init__.py:40]
2013-02-08 12:42:47,809 INFO: hcfsite startup [in /Users/yifanwu/Dropbox/Dev/HCF/hcefapp/app/__init__.py:40]
2013-02-08 12:43:28,010 INFO: hcfsite startup [in /Users/yifanwu/Dropbox/Dev/HCF/hcefapp/app/__init__.py:40]
2013-02-08 12:43:48,353 INFO: hcfsite startup [in /Users/yifanwu/Dropbox/Dev/HCF/hcefapp/app/__init__.py:40]
2013-02-08 12:44:01,356 INFO: hcfsite startup [in /Users/yifanwu/Dropbox/Dev/HCF/hcefapp/app/__init__.py:40]
2013-02-08 12:44:04,039 INFO: hcfsite startup [in /Users/yifanwu/Dropbox/Dev/HCF/hcefapp/app/__init__.py:40]
2013-02-08 12:44:26,716 INFO: hcfsite startup [in /Users/yifanwu/Dropbox/Dev/HCF/hcefapp/app/__init__.py:40]
2013-02-08 12:45:25,470 INFO: hcfsite startup [in /Users/yifanwu/Dropbox/Dev/HCF/hcefapp/app/__init__.py:40]
2013-02-08 12:46:55,530 INFO: hcfsite startup [in /Users/yifanwu/Dropbox/Dev/HCF/hcefapp/app/__init__.py:40]
2013-02-08 12:47:05,662 INFO: hcfsite startup [in /Users/yifanwu/Dropbox/Dev/HCF/hcefapp/app/__init__.py:40]
2013-02-08 12:47:06,151 INFO: hcfsite startup [in /Users/yifanwu/Dropbox/Dev/HCF/hcefapp/app/__init__.py:40]
2013-02-08 12:50:54,817 INFO: hcfsite startup [in /Users/yifanwu/Dropbox/Dev/HCF/hcefapp/app/__init__.py:40]
2013-02-08 12:51:24,223 INFO: hcfsite startup [in /Users/yifanwu/Dropbox/Dev/HCF/hcefapp/app/__init__.py:40]
2013-02-08 12:51:32,554 INFO: hcfsite startup [in /Users/yifanwu/Dropbox/Dev/HCF/hcefapp/app/__init__.py:40]
2013-02-08 12:51:53,138 INFO: hcfsite startup [in /Users/yifanwu/Dropbox/Dev/HCF/hcefapp/app/__init__.py:40]
2013-02-08 12:52:02,793 INFO: hcfsite startup [in /Users/yifanwu/Dropbox/Dev/HCF/hcefapp/app/__init__.py:40]
2013-02-08 12:53:37,335 INFO: hcfsite startup [in /Users/yifanwu/Dropbox/Dev/HCF/hcefapp/app/__init__.py:40]
2013-02-08 12:54:56,281 INFO: hcfsite startup [in /Users/yifanwu/Dropbox/Dev/HCF/hcefapp/app/__init__.py:40]
2013-02-08 13:00:02,505 INFO: hcfsite startup [in /Users/yifanwu/Dropbox/Dev/HCF/hcefapp/app/__init__.py:40]
2013-02-08 13:00:05,333 INFO: hcfsite startup [in /Users/yifanwu/Dropbox/Dev/HCF/hcefapp/app/__init__.py:40]
